<?xml version="1.0" encoding="UTF-8"?>
<!-- Generated by org.testng.reporters.JUnitReportReporter -->
<testsuite hostname="Ayazs-MacBook-Air.local" failures="0" tests="1" name="testcases.TC_001_ContactUsValidation1" time="3.003" errors="0" timestamp="2023-06-29T14:58:33 IST" skipped="0">
  <testcase classname="testcases.TC_001_ContactUsValidation1" name="ContactUsValidation1" time="3.003"/>
  <system-out/>
</testsuite> <!-- testcases.TC_001_ContactUsValidation1 -->
