<?xml version="1.0" encoding="UTF-8"?>
<!-- Generated by org.testng.reporters.JUnitReportReporter -->
<testsuite hostname="Ayazs-MacBook-Air.local" failures="0" tests="1" name="testcases.TC_003_ProductValidation" time="5.773" errors="0" timestamp="2023-06-29T22:10:12 IST" skipped="0">
  <testcase classname="testcases.TC_003_ProductValidation" name="TC_003_ProductValidation" time="5.773"/>
  <system-out/>
</testsuite> <!-- testcases.TC_003_ProductValidation -->
