<?xml version="1.0" encoding="UTF-8"?>
<!-- Generated by org.testng.reporters.JUnitReportReporter -->
<testsuite hostname="Ayazs-MacBook-Air.local" failures="0" tests="1" name="testcases.TC_002_ContactUsValidation2" time="5.566" errors="0" timestamp="2023-06-29T14:59:37 IST" skipped="0">
  <testcase classname="testcases.TC_002_ContactUsValidation2" name="TC_002_ContactUsValidation2" time="5.566"/>
  <system-out/>
</testsuite> <!-- testcases.TC_002_ContactUsValidation2 -->
