<?xml version="1.0" encoding="UTF-8"?>
<!-- Generated by org.testng.reporters.JUnitReportReporter -->
<testsuite hostname="Ayazs-MacBook-Air.local" failures="0" tests="1" name="testcases.TC_002_ContactUsFormSubmittion" time="9.604" errors="0" timestamp="2023-06-29T22:10:12 IST" skipped="0">
  <testcase classname="testcases.TC_002_ContactUsFormSubmittion" name="TC_002_ContactUsFormSubmittion" time="9.604"/>
  <system-out/>
</testsuite> <!-- testcases.TC_002_ContactUsFormSubmittion -->
