<?xml version="1.0" encoding="UTF-8"?>
<!-- Generated by org.testng.reporters.JUnitReportReporter -->
<testsuite hostname="Ayazs-MacBook-Air.local" failures="0" tests="1" name="testcases.AddNewCampaign" time="30.899" errors="0" timestamp="2023-04-28T10:53:56 IST" skipped="0">
  <testcase classname="testcases.AddNewCampaign" name="AddNewCampaign" time="30.899"/>
  <system-out/>
</testsuite> <!-- testcases.AddNewCampaign -->
